2601:c1:2:6f2:80be:1a73:a778:baed UNKNOWN u72541247 [25/Mar/2016:11:37:18 -0400] "PASS (hidden)" 230 -
2601:c1:2:6f2:80be:1a73:a778:baed UNKNOWN u72541247 [25/Mar/2016:11:37:18 -0400] "SYST" 215 -
2601:c1:2:6f2:80be:1a73:a778:baed UNKNOWN u72541247 [25/Mar/2016:11:37:18 -0400] "FEAT" - -
2601:c1:2:6f2:80be:1a73:a778:baed UNKNOWN u72541247 [25/Mar/2016:11:37:18 -0400] "OPTS_UTF8 ON" 200 -
2601:c1:2:6f2:80be:1a73:a778:baed UNKNOWN u72541247 [25/Mar/2016:11:37:18 -0400] "OPTS UTF8 ON" - -
2601:c1:2:6f2:80be:1a73:a778:baed UNKNOWN u72541247 [25/Mar/2016:11:37:18 -0400] "PWD" 257 -
2601:c1:2:6f2:80be:1a73:a778:baed UNKNOWN u72541247 [25/Mar/2016:11:37:18 -0400] "TYPE I" 200 -
2601:c1:2:6f2:80be:1a73:a778:baed UNKNOWN u72541247 [25/Mar/2016:11:37:19 -0400] "EPSV" 229 -
2601:c1:2:6f2:80be:1a73:a778:baed UNKNOWN u72541247 [25/Mar/2016:11:37:19 -0400] "MLSD" 226 1617
2601:c1:2:6f2:80be:1a73:a778:baed UNKNOWN u72541247 [25/Mar/2016:15:28:54 -0400] "PASS (hidden)" 230 -
2601:c1:2:6f2:80be:1a73:a778:baed UNKNOWN u72541247 [25/Mar/2016:15:28:54 -0400] "SYST" 215 -
2601:c1:2:6f2:80be:1a73:a778:baed UNKNOWN u72541247 [25/Mar/2016:15:28:54 -0400] "FEAT" - -
2601:c1:2:6f2:80be:1a73:a778:baed UNKNOWN u72541247 [25/Mar/2016:15:28:54 -0400] "OPTS_UTF8 ON" 200 -
2601:c1:2:6f2:80be:1a73:a778:baed UNKNOWN u72541247 [25/Mar/2016:15:28:54 -0400] "OPTS UTF8 ON" - -
2601:c1:2:6f2:80be:1a73:a778:baed UNKNOWN u72541247 [25/Mar/2016:15:28:55 -0400] "PWD" 257 -
2601:c1:2:6f2:80be:1a73:a778:baed UNKNOWN u72541247 [25/Mar/2016:15:28:55 -0400] "TYPE I" 200 -
2601:c1:2:6f2:80be:1a73:a778:baed UNKNOWN u72541247 [25/Mar/2016:15:28:55 -0400] "EPSV" 229 -
2601:c1:2:6f2:80be:1a73:a778:baed UNKNOWN u72541247 [25/Mar/2016:15:28:55 -0400] "MLSD" 226 1617
2601:c1:2:6f2:80be:1a73:a778:baed UNKNOWN u72541247 [25/Mar/2016:15:29:00 -0400] "CWD .idea" 250 -
2601:c1:2:6f2:80be:1a73:a778:baed UNKNOWN u72541247 [25/Mar/2016:15:29:00 -0400] "PWD" 257 -
2601:c1:2:6f2:80be:1a73:a778:baed UNKNOWN u72541247 [25/Mar/2016:15:29:00 -0400] "EPSV" 229 -
2601:c1:2:6f2:80be:1a73:a778:baed UNKNOWN u72541247 [25/Mar/2016:15:29:00 -0400] "MLSD" 226 1285
2601:c1:2:6f2:80be:1a73:a778:baed UNKNOWN u72541247 [25/Mar/2016:15:29:00 -0400] "DELE workspace.xml" 250 15953
2601:c1:2:6f2:80be:1a73:a778:baed UNKNOWN u72541247 [25/Mar/2016:15:29:00 -0400] "DELE resume.iml" 250 283
2601:c1:2:6f2:80be:1a73:a778:baed UNKNOWN u72541247 [25/Mar/2016:15:29:00 -0400] "DELE vcs.xml" 250 182
2601:c1:2:6f2:80be:1a73:a778:baed UNKNOWN u72541247 [25/Mar/2016:15:29:00 -0400] "DELE modules.xml" 250 266
2601:c1:2:6f2:80be:1a73:a778:baed UNKNOWN u72541247 [25/Mar/2016:15:29:00 -0400] "DELE misc.xml" 250 127
2601:c1:2:6f2:80be:1a73:a778:baed UNKNOWN u72541247 [25/Mar/2016:15:29:00 -0400] "DELE .name" 250 6
2601:c1:2:6f2:80be:1a73:a778:baed UNKNOWN u72541247 [25/Mar/2016:15:29:01 -0400] "DELE encodings.xml" 250 166
2601:c1:2:6f2:80be:1a73:a778:baed UNKNOWN u72541247 [25/Mar/2016:15:29:01 -0400] "CWD scopes" 250 -
2601:c1:2:6f2:80be:1a73:a778:baed UNKNOWN u72541247 [25/Mar/2016:15:29:01 -0400] "PWD" 257 -
2601:c1:2:6f2:80be:1a73:a778:baed UNKNOWN u72541247 [25/Mar/2016:15:29:01 -0400] "EPSV" 229 -
2601:c1:2:6f2:80be:1a73:a778:baed UNKNOWN u72541247 [25/Mar/2016:15:29:01 -0400] "MLSD" 226 376
2601:c1:2:6f2:80be:1a73:a778:baed UNKNOWN u72541247 [25/Mar/2016:15:29:01 -0400] "DELE scope_settings.xml" 250 139
2601:c1:2:6f2:80be:1a73:a778:baed UNKNOWN u72541247 [25/Mar/2016:15:29:01 -0400] "CWD /.idea" 250 -
2601:c1:2:6f2:80be:1a73:a778:baed UNKNOWN u72541247 [25/Mar/2016:15:29:01 -0400] "PWD" 257 -
2601:c1:2:6f2:80be:1a73:a778:baed UNKNOWN u72541247 [25/Mar/2016:15:29:01 -0400] "RMD scopes" 250 -
2601:c1:2:6f2:80be:1a73:a778:baed UNKNOWN u72541247 [25/Mar/2016:15:29:01 -0400] "CWD /" 250 -
2601:c1:2:6f2:80be:1a73:a778:baed UNKNOWN u72541247 [25/Mar/2016:15:29:01 -0400] "PWD" 257 -
2601:c1:2:6f2:80be:1a73:a778:baed UNKNOWN u72541247 [25/Mar/2016:15:29:01 -0400] "RMD .idea" 250 -
2601:c1:2:6f2:80be:1a73:a778:baed UNKNOWN u72541247 [25/Mar/2016:15:29:02 -0400] "EPSV" 229 -
2601:c1:2:6f2:80be:1a73:a778:baed UNKNOWN u72541247 [25/Mar/2016:15:29:02 -0400] "MLSD" 226 1497
2601:c1:2:6f2:80be:1a73:a778:baed UNKNOWN u72541247 [25/Mar/2016:15:29:06 -0400] "DELE .DS_Store" 250 6148
2601:c1:2:6f2:80be:1a73:a778:baed UNKNOWN u72541247 [25/Mar/2016:15:29:16 -0400] "CWD clients" 250 -
2601:c1:2:6f2:80be:1a73:a778:baed UNKNOWN u72541247 [25/Mar/2016:15:29:16 -0400] "PWD" 257 -
2601:c1:2:6f2:80be:1a73:a778:baed UNKNOWN u72541247 [25/Mar/2016:15:29:16 -0400] "EPSV" 229 -
2601:c1:2:6f2:80be:1a73:a778:baed UNKNOWN u72541247 [25/Mar/2016:15:29:16 -0400] "MLSD" 226 236
2601:c1:2:6f2:80be:1a73:a778:baed UNKNOWN u72541247 [25/Mar/2016:15:29:16 -0400] "CWD /" 250 -
2601:c1:2:6f2:80be:1a73:a778:baed UNKNOWN u72541247 [25/Mar/2016:15:29:16 -0400] "CWD css" 250 -
2601:c1:2:6f2:80be:1a73:a778:baed UNKNOWN u72541247 [25/Mar/2016:15:29:16 -0400] "PASS (hidden)" 230 -
2601:c1:2:6f2:80be:1a73:a778:baed UNKNOWN u72541247 [25/Mar/2016:15:29:16 -0400] "PWD" 257 -
2601:c1:2:6f2:80be:1a73:a778:baed UNKNOWN u72541247 [25/Mar/2016:15:29:16 -0400] "OPTS_UTF8 ON" 200 -
2601:c1:2:6f2:80be:1a73:a778:baed UNKNOWN u72541247 [25/Mar/2016:15:29:16 -0400] "OPTS UTF8 ON" - -
2601:c1:2:6f2:80be:1a73:a778:baed UNKNOWN u72541247 [25/Mar/2016:15:29:16 -0400] "PASS (hidden)" 230 -
2601:c1:2:6f2:80be:1a73:a778:baed UNKNOWN u72541247 [25/Mar/2016:15:29:16 -0400] "OPTS_UTF8 ON" 200 -
2601:c1:2:6f2:80be:1a73:a778:baed UNKNOWN u72541247 [25/Mar/2016:15:29:16 -0400] "EPSV" 229 -
2601:c1:2:6f2:80be:1a73:a778:baed UNKNOWN u72541247 [25/Mar/2016:15:29:16 -0400] "OPTS UTF8 ON" - -
2601:c1:2:6f2:80be:1a73:a778:baed UNKNOWN u72541247 [25/Mar/2016:15:29:16 -0400] "CWD /" 250 -
2601:c1:2:6f2:80be:1a73:a778:baed UNKNOWN u72541247 [25/Mar/2016:15:29:17 -0400] "CWD /" 250 -
2601:c1:2:6f2:80be:1a73:a778:baed UNKNOWN u72541247 [25/Mar/2016:15:29:17 -0400] "TYPE I" 200 -
2601:c1:2:6f2:80be:1a73:a778:baed UNKNOWN u72541247 [25/Mar/2016:15:29:17 -0400] "TYPE A" 200 -
2601:c1:2:6f2:80be:1a73:a778:baed UNKNOWN u72541247 [25/Mar/2016:15:29:17 -0400] "EPSV" 229 -
2601:c1:2:6f2:80be:1a73:a778:baed UNKNOWN u72541247 [25/Mar/2016:15:29:17 -0400] "MLSD" 226 509
2601:c1:2:6f2:80be:1a73:a778:baed UNKNOWN u72541247 [25/Mar/2016:15:29:17 -0400] "EPSV" 229 -
2601:c1:2:6f2:80be:1a73:a778:baed UNKNOWN u72541247 [25/Mar/2016:15:29:17 -0400] "CWD /" 250 -
2601:c1:2:6f2:80be:1a73:a778:baed UNKNOWN u72541247 [25/Mar/2016:15:29:17 -0400] "RETR README.md" 226 555
2601:c1:2:6f2:80be:1a73:a778:baed UNKNOWN u72541247 [25/Mar/2016:15:29:17 -0400] "CWD images" 250 -
2601:c1:2:6f2:80be:1a73:a778:baed UNKNOWN u72541247 [25/Mar/2016:15:29:17 -0400] "TYPE A" 200 -
2601:c1:2:6f2:80be:1a73:a778:baed UNKNOWN u72541247 [25/Mar/2016:15:29:17 -0400] "RETR aboutme.html" 226 4886
2601:c1:2:6f2:80be:1a73:a778:baed UNKNOWN u72541247 [25/Mar/2016:15:29:17 -0400] "PWD" 257 -
2601:c1:2:6f2:80be:1a73:a778:baed UNKNOWN u72541247 [25/Mar/2016:15:29:17 -0400] "EPSV" 229 -
2601:c1:2:6f2:80be:1a73:a778:baed UNKNOWN u72541247 [25/Mar/2016:15:29:17 -0400] "EPSV" 229 -
2601:c1:2:6f2:80be:1a73:a778:baed UNKNOWN u72541247 [25/Mar/2016:15:29:17 -0400] "EPSV" 229 -
2601:c1:2:6f2:80be:1a73:a778:baed UNKNOWN u72541247 [25/Mar/2016:15:29:17 -0400] "RETR index.html" 226 3375
2601:c1:2:6f2:80be:1a73:a778:baed UNKNOWN u72541247 [25/Mar/2016:15:29:17 -0400] "MLSD" 226 1084
2601:c1:2:6f2:80be:1a73:a778:baed UNKNOWN u72541247 [25/Mar/2016:15:29:17 -0400] "RETR resume.html" 226 10771
2601:c1:2:6f2:80be:1a73:a778:baed UNKNOWN u72541247 [25/Mar/2016:15:29:17 -0400] "CWD /css" 250 -
2601:c1:2:6f2:80be:1a73:a778:baed UNKNOWN u72541247 [25/Mar/2016:15:29:17 -0400] "CWD /" 250 -
2601:c1:2:6f2:80be:1a73:a778:baed UNKNOWN u72541247 [25/Mar/2016:15:29:17 -0400] "CWD /css" 250 -
2601:c1:2:6f2:80be:1a73:a778:baed UNKNOWN u72541247 [25/Mar/2016:15:29:18 -0400] "PWD" 257 -
2601:c1:2:6f2:80be:1a73:a778:baed UNKNOWN u72541247 [25/Mar/2016:15:29:18 -0400] "CWD js" 250 -
2601:c1:2:6f2:80be:1a73:a778:baed UNKNOWN u72541247 [25/Mar/2016:15:29:18 -0400] "PWD" 257 -
2601:c1:2:6f2:80be:1a73:a778:baed UNKNOWN u72541247 [25/Mar/2016:15:29:18 -0400] "EPSV" 229 -
2601:c1:2:6f2:80be:1a73:a778:baed UNKNOWN u72541247 [25/Mar/2016:15:29:18 -0400] "PWD" 257 -
2601:c1:2:6f2:80be:1a73:a778:baed UNKNOWN u72541247 [25/Mar/2016:15:29:18 -0400] "EPSV" 229 -
2601:c1:2:6f2:80be:1a73:a778:baed UNKNOWN u72541247 [25/Mar/2016:15:29:18 -0400] "EPSV" 229 -
2601:c1:2:6f2:80be:1a73:a778:baed UNKNOWN u72541247 [25/Mar/2016:15:29:18 -0400] "RETR style.css" 226 13907
2601:c1:2:6f2:80be:1a73:a778:baed UNKNOWN u72541247 [25/Mar/2016:15:29:18 -0400] "MLSD" 226 923
2601:c1:2:6f2:80be:1a73:a778:baed UNKNOWN u72541247 [25/Mar/2016:15:29:18 -0400] "CWD /images" 250 -
2601:c1:2:6f2:80be:1a73:a778:baed UNKNOWN u72541247 [25/Mar/2016:15:29:18 -0400] "CWD /" 250 -
2601:c1:2:6f2:80be:1a73:a778:baed UNKNOWN u72541247 [25/Mar/2016:15:29:18 -0400] "PWD" 257 -
2601:c1:2:6f2:80be:1a73:a778:baed UNKNOWN u72541247 [25/Mar/2016:15:29:18 -0400] "TYPE I" 200 -
2601:c1:2:6f2:80be:1a73:a778:baed UNKNOWN u72541247 [25/Mar/2016:15:29:18 -0400] "CWD logs" 250 -
2601:c1:2:6f2:80be:1a73:a778:baed UNKNOWN u72541247 [25/Mar/2016:15:29:18 -0400] "EPSV" 229 -
2601:c1:2:6f2:80be:1a73:a778:baed UNKNOWN u72541247 [25/Mar/2016:15:29:18 -0400] "PWD" 257 -
2601:c1:2:6f2:80be:1a73:a778:baed UNKNOWN u72541247 [25/Mar/2016:15:29:18 -0400] "EPSV" 229 -
2601:c1:2:6f2:80be:1a73:a778:baed UNKNOWN u72541247 [25/Mar/2016:15:29:18 -0400] "RETR haley_and_mom.png" 226 32403
2601:c1:2:6f2:80be:1a73:a778:baed UNKNOWN u72541247 [25/Mar/2016:15:29:18 -0400] "MLSD" 226 3772
2601:c1:2:6f2:80be:1a73:a778:baed UNKNOWN u72541247 [25/Mar/2016:15:29:18 -0400] "EPSV" 229 -
2601:c1:2:6f2:80be:1a73:a778:baed UNKNOWN u72541247 [25/Mar/2016:15:29:19 -0400] "CWD traffic.html" 250 -
2601:c1:2:6f2:80be:1a73:a778:baed UNKNOWN u72541247 [25/Mar/2016:15:29:19 -0400] "RETR bootstrap.css" 226 127251
2601:c1:2:6f2:80be:1a73:a778:baed UNKNOWN u72541247 [25/Mar/2016:15:29:19 -0400] "PWD" 257 -
2601:c1:2:6f2:80be:1a73:a778:baed UNKNOWN u72541247 [25/Mar/2016:15:29:19 -0400] "CWD /images" 250 -
2601:c1:2:6f2:80be:1a73:a778:baed UNKNOWN u72541247 [25/Mar/2016:15:29:19 -0400] "EPSV" 229 -
2601:c1:2:6f2:80be:1a73:a778:baed UNKNOWN u72541247 [25/Mar/2016:15:29:19 -0400] "RETR glyphicons-halflings.png" 226 12799
2601:c1:2:6f2:80be:1a73:a778:baed UNKNOWN u72541247 [25/Mar/2016:15:29:19 -0400] "TYPE I" 200 -
2601:c1:2:6f2:80be:1a73:a778:baed UNKNOWN u72541247 [25/Mar/2016:15:29:19 -0400] "EPSV" 229 -
2601:c1:2:6f2:80be:1a73:a778:baed UNKNOWN u72541247 [25/Mar/2016:15:29:19 -0400] "EPSV" 229 -
2601:c1:2:6f2:80be:1a73:a778:baed UNKNOWN u72541247 [25/Mar/2016:15:29:19 -0400] "MLSD" 226 2153
2601:c1:2:6f2:80be:1a73:a778:baed UNKNOWN u72541247 [25/Mar/2016:15:29:19 -0400] "CWD /logs" 250 -
2601:c1:2:6f2:80be:1a73:a778:baed UNKNOWN u72541247 [25/Mar/2016:15:29:19 -0400] "RETR glyphicons-halflings-white.png" 226 8777
2601:c1:2:6f2:80be:1a73:a778:baed UNKNOWN u72541247 [25/Mar/2016:15:29:19 -0400] "RETR favicon.ico" 226 49556
2601:c1:2:6f2:80be:1a73:a778:baed UNKNOWN u72541247 [25/Mar/2016:15:29:19 -0400] "PWD" 257 -
2601:c1:2:6f2:80be:1a73:a778:baed UNKNOWN u72541247 [25/Mar/2016:15:29:19 -0400] "TYPE A" 200 -
2601:c1:2:6f2:80be:1a73:a778:baed UNKNOWN u72541247 [25/Mar/2016:15:29:19 -0400] "EPSV" 229 -
2601:c1:2:6f2:80be:1a73:a778:baed UNKNOWN u72541247 [25/Mar/2016:15:29:19 -0400] "CWD access.log.current" 550 -
2601:c1:2:6f2:80be:1a73:a778:baed UNKNOWN u72541247 [25/Mar/2016:15:29:19 -0400] "EPSV" 229 -
2601:c1:2:6f2:80be:1a73:a778:baed UNKNOWN u72541247 [25/Mar/2016:15:29:19 -0400] "CWD /" 250 -
2601:c1:2:6f2:80be:1a73:a778:baed UNKNOWN u72541247 [25/Mar/2016:15:29:19 -0400] "EPSV" 229 -
2601:c1:2:6f2:80be:1a73:a778:baed UNKNOWN u72541247 [25/Mar/2016:15:29:19 -0400] "RETR falcons.ico" 226 691
2601:c1:2:6f2:80be:1a73:a778:baed UNKNOWN u72541247 [25/Mar/2016:15:29:19 -0400] "CWD /js" 250 -
2601:c1:2:6f2:80be:1a73:a778:baed UNKNOWN u72541247 [25/Mar/2016:15:29:19 -0400] "RETR .DS_Store" 226 6148
2601:c1:2:6f2:80be:1a73:a778:baed UNKNOWN u72541247 [25/Mar/2016:15:29:20 -0400] "PWD" 257 -
2601:c1:2:6f2:80be:1a73:a778:baed UNKNOWN u72541247 [25/Mar/2016:15:29:20 -0400] "CWD /js" 250 -
2601:c1:2:6f2:80be:1a73:a778:baed UNKNOWN u72541247 [25/Mar/2016:15:29:20 -0400] "MLSD" 226 1364
2601:c1:2:6f2:80be:1a73:a778:baed UNKNOWN u72541247 [25/Mar/2016:15:29:20 -0400] "TYPE A" 200 -
2601:c1:2:6f2:80be:1a73:a778:baed UNKNOWN u72541247 [25/Mar/2016:15:29:20 -0400] "PWD" 257 -
2601:c1:2:6f2:80be:1a73:a778:baed UNKNOWN u72541247 [25/Mar/2016:15:29:20 -0400] "EPSV" 229 -
2601:c1:2:6f2:80be:1a73:a778:baed UNKNOWN u72541247 [25/Mar/2016:15:29:20 -0400] "EPSV" 229 -
2601:c1:2:6f2:80be:1a73:a778:baed UNKNOWN u72541247 [25/Mar/2016:15:29:20 -0400] "RETR script.js" 226 6595
2601:c1:2:6f2:80be:1a73:a778:baed UNKNOWN u72541247 [25/Mar/2016:15:29:20 -0400] "RETR random_bg_gradient.js" 226 1287
2601:c1:2:6f2:80be:1a73:a778:baed UNKNOWN u72541247 [25/Mar/2016:15:29:20 -0400] "EPSV" 229 -
2601:c1:2:6f2:80be:1a73:a778:baed UNKNOWN u72541247 [25/Mar/2016:15:29:20 -0400] "EPSV" 229 -
2601:c1:2:6f2:80be:1a73:a778:baed UNKNOWN u72541247 [25/Mar/2016:15:29:20 -0400] "RETR circle_transition.js" 226 174
2601:c1:2:6f2:80be:1a73:a778:baed UNKNOWN u72541247 [25/Mar/2016:15:29:20 -0400] "EPSV" 229 -
2601:c1:2:6f2:80be:1a73:a778:baed UNKNOWN u72541247 [25/Mar/2016:15:29:20 -0400] "RETR bootstrap.min.js" 226 28538
2601:c1:2:6f2:80be:1a73:a778:baed UNKNOWN u72541247 [25/Mar/2016:15:29:21 -0400] "CWD /logs" 250 -
2601:c1:2:6f2:80be:1a73:a778:baed UNKNOWN u72541247 [25/Mar/2016:15:29:21 -0400] "TYPE I" 200 -
2601:c1:2:6f2:80be:1a73:a778:baed UNKNOWN u72541247 [25/Mar/2016:15:29:21 -0400] "EPSV" 229 -
2601:c1:2:6f2:80be:1a73:a778:baed UNKNOWN u72541247 [25/Mar/2016:15:29:21 -0400] "RETR ftp.log" 226 871
2601:c1:2:6f2:80be:1a73:a778:baed UNKNOWN u72541247 [25/Mar/2016:15:29:21 -0400] "EPSV" 229 -
2601:c1:2:6f2:80be:1a73:a778:baed UNKNOWN u72541247 [25/Mar/2016:15:29:21 -0400] "RETR bootstrap.js" 226 61752
2601:c1:2:6f2:80be:1a73:a778:baed UNKNOWN u72541247 [25/Mar/2016:15:29:21 -0400] "CWD /logs" 250 -
2601:c1:2:6f2:80be:1a73:a778:baed UNKNOWN u72541247 [25/Mar/2016:15:29:21 -0400] "RETR access.log.12.5" 226 6165
2601:c1:2:6f2:80be:1a73:a778:baed UNKNOWN u72541247 [25/Mar/2016:15:29:21 -0400] "TYPE I" 200 -
2601:c1:2:6f2:80be:1a73:a778:baed UNKNOWN u72541247 [25/Mar/2016:15:29:21 -0400] "EPSV" 229 -
2601:c1:2:6f2:80be:1a73:a778:baed UNKNOWN u72541247 [25/Mar/2016:15:29:21 -0400] "EPSV" 229 -
2601:c1:2:6f2:80be:1a73:a778:baed UNKNOWN u72541247 [25/Mar/2016:15:29:21 -0400] "RETR access.log.12.3.gz" 226 1142
2601:c1:2:6f2:80be:1a73:a778:baed UNKNOWN u72541247 [25/Mar/2016:15:29:21 -0400] "RETR access.log.12.4.gz" 226 1280
2601:c1:2:6f2:80be:1a73:a778:baed UNKNOWN u72541247 [25/Mar/2016:15:29:21 -0400] "EPSV" 229 -
2601:c1:2:6f2:80be:1a73:a778:baed UNKNOWN u72541247 [25/Mar/2016:15:29:21 -0400] "EPSV" 229 -
2601:c1:2:6f2:80be:1a73:a778:baed UNKNOWN u72541247 [25/Mar/2016:15:29:22 -0400] "RETR access.log.12.2.gz" 226 1335
2601:c1:2:6f2:80be:1a73:a778:baed UNKNOWN u72541247 [25/Mar/2016:15:29:22 -0400] "RETR access.log.12.1.gz" 226 1394
2601:c1:2:6f2:80be:1a73:a778:baed UNKNOWN u72541247 [25/Mar/2016:15:29:22 -0400] "EPSV" 229 -
2601:c1:2:6f2:80be:1a73:a778:baed UNKNOWN u72541247 [25/Mar/2016:15:29:22 -0400] "EPSV" 229 -
2601:c1:2:6f2:80be:1a73:a778:baed UNKNOWN u72541247 [25/Mar/2016:15:29:22 -0400] "RETR access.log.06.gz" 226 5027
2601:c1:2:6f2:80be:1a73:a778:baed UNKNOWN u72541247 [25/Mar/2016:15:29:22 -0400] "RETR access.log.11.4.gz" 226 1310
2601:c1:2:6f2:80be:1a73:a778:baed UNKNOWN u72541247 [25/Mar/2016:15:29:22 -0400] "EPSV" 229 -
2601:c1:2:6f2:80be:1a73:a778:baed UNKNOWN u72541247 [25/Mar/2016:15:29:22 -0400] "EPSV" 229 -
2601:c1:2:6f2:80be:1a73:a778:baed UNKNOWN u72541247 [25/Mar/2016:15:29:22 -0400] "RETR access.log.11.2.gz" 226 1037
2601:c1:2:6f2:80be:1a73:a778:baed UNKNOWN u72541247 [25/Mar/2016:15:29:22 -0400] "RETR access.log.11.1.gz" 226 1415
2601:c1:2:6f2:80be:1a73:a778:baed UNKNOWN u72541247 [25/Mar/2016:15:29:22 -0400] "EPSV" 229 -
2601:c1:2:6f2:80be:1a73:a778:baed UNKNOWN u72541247 [25/Mar/2016:15:29:22 -0400] "EPSV" 229 -
2601:c1:2:6f2:80be:1a73:a778:baed UNKNOWN u72541247 [25/Mar/2016:15:29:23 -0400] "RETR access.log.04.gz" 226 3942
2601:c1:2:6f2:80be:1a73:a778:baed UNKNOWN u72541247 [25/Mar/2016:15:29:23 -0400] "RETR access.log.10.gz" 226 6897
2601:c1:2:6f2:80be:1a73:a778:baed UNKNOWN u72541247 [25/Mar/2016:15:29:23 -0400] "EPSV" 229 -
2601:c1:2:6f2:80be:1a73:a778:baed UNKNOWN u72541247 [25/Mar/2016:15:29:23 -0400] "EPSV" 229 -
2601:c1:2:6f2:80be:1a73:a778:baed UNKNOWN u72541247 [25/Mar/2016:15:29:23 -0400] "RETR access.log.11.7.gz" 226 1021
2601:c1:2:6f2:80be:1a73:a778:baed UNKNOWN u72541247 [25/Mar/2016:15:29:23 -0400] "RETR access.log.11.5.gz" 226 1522
2601:c1:2:6f2:80be:1a73:a778:baed UNKNOWN u72541247 [25/Mar/2016:15:29:23 -0400] "EPSV" 229 -
2601:c1:2:6f2:80be:1a73:a778:baed UNKNOWN u72541247 [25/Mar/2016:15:29:23 -0400] "EPSV" 229 -
2601:c1:2:6f2:80be:1a73:a778:baed UNKNOWN u72541247 [25/Mar/2016:15:29:23 -0400] "RETR access.log.11.3.gz" 226 1214
2601:c1:2:6f2:80be:1a73:a778:baed UNKNOWN u72541247 [25/Mar/2016:15:29:23 -0400] "RETR access.log.09.gz" 226 4658
2601:c1:2:6f2:80be:1a73:a778:baed UNKNOWN u72541247 [25/Mar/2016:15:29:23 -0400] "EPSV" 229 -
2601:c1:2:6f2:80be:1a73:a778:baed UNKNOWN u72541247 [25/Mar/2016:15:29:23 -0400] "EPSV" 229 -
2601:c1:2:6f2:80be:1a73:a778:baed UNKNOWN u72541247 [25/Mar/2016:15:29:23 -0400] "RETR access.log.08.gz" 226 4643
2601:c1:2:6f2:80be:1a73:a778:baed UNKNOWN u72541247 [25/Mar/2016:15:29:23 -0400] "RETR access.log.11.6.gz" 226 1259
2601:c1:2:6f2:80be:1a73:a778:baed UNKNOWN u72541247 [25/Mar/2016:15:29:23 -0400] "EPSV" 229 -
2601:c1:2:6f2:80be:1a73:a778:baed UNKNOWN u72541247 [25/Mar/2016:15:29:24 -0400] "EPSV" 229 -
2601:c1:2:6f2:80be:1a73:a778:baed UNKNOWN u72541247 [25/Mar/2016:15:29:24 -0400] "RETR access.log.07.gz" 226 4402
2601:c1:2:6f2:80be:1a73:a778:baed UNKNOWN u72541247 [25/Mar/2016:15:29:24 -0400] "RETR access.log.05.gz" 226 4235
2601:c1:2:6f2:80be:1a73:a778:baed UNKNOWN u72541247 [25/Mar/2016:15:29:24 -0400] "TYPE A" 200 -
2601:c1:2:6f2:80be:1a73:a778:baed UNKNOWN u72541247 [25/Mar/2016:15:29:24 -0400] "EPSV" 229 -
2601:c1:2:6f2:80be:1a73:a778:baed UNKNOWN u72541247 [25/Mar/2016:15:29:24 -0400] "EPSV" 229 -
2601:c1:2:6f2:80be:1a73:a778:baed UNKNOWN u72541247 [25/Mar/2016:15:29:24 -0400] "RETR traffic.db" 226 45056
2601:c1:2:6f2:80be:1a73:a778:baed UNKNOWN u72541247 [25/Mar/2016:15:29:24 -0400] "RETR last_traffic" 226 0
2601:c1:2:6f2:80be:1a73:a778:baed UNKNOWN u72541247 [25/Mar/2016:15:29:24 -0400] "TYPE I" 200 -
2601:c1:2:6f2:80be:1a73:a778:baed UNKNOWN u72541247 [25/Mar/2016:15:29:24 -0400] "TYPE A" 200 -
2601:c1:2:6f2:80be:1a73:a778:baed UNKNOWN u72541247 [25/Mar/2016:15:29:24 -0400] "EPSV" 229 -
2601:c1:2:6f2:80be:1a73:a778:baed UNKNOWN u72541247 [25/Mar/2016:15:29:24 -0400] "EPSV" 229 -
2601:c1:2:6f2:80be:1a73:a778:baed UNKNOWN u72541247 [25/Mar/2016:15:29:24 -0400] "RETR info.php5" 226 21
2601:c1:2:6f2:80be:1a73:a778:baed UNKNOWN u72541247 [25/Mar/2016:15:29:24 -0400] "RETR .htaccess" 226 267
2601:c1:2:6f2:80be:1a73:a778:baed UNKNOWN u72541247 [25/Mar/2016:15:29:25 -0400] "CWD /logs/traffic.html" 250 -
2601:c1:2:6f2:80be:1a73:a778:baed UNKNOWN u72541247 [25/Mar/2016:15:29:25 -0400] "CWD /logs/traffic.html" 250 -
2601:c1:2:6f2:80be:1a73:a778:baed UNKNOWN u72541247 [25/Mar/2016:15:29:25 -0400] "PWD" 257 -
2601:c1:2:6f2:80be:1a73:a778:baed UNKNOWN u72541247 [25/Mar/2016:15:29:25 -0400] "PWD" 257 -
2601:c1:2:6f2:80be:1a73:a778:baed UNKNOWN u72541247 [25/Mar/2016:15:29:25 -0400] "TYPE A" 200 -
2601:c1:2:6f2:80be:1a73:a778:baed UNKNOWN u72541247 [25/Mar/2016:15:29:25 -0400] "EPSV" 229 -
2601:c1:2:6f2:80be:1a73:a778:baed UNKNOWN u72541247 [25/Mar/2016:15:29:25 -0400] "EPSV" 229 -
2601:c1:2:6f2:80be:1a73:a778:baed UNKNOWN u72541247 [25/Mar/2016:15:29:25 -0400] "RETR 01.html" 226 11619
2601:c1:2:6f2:80be:1a73:a778:baed UNKNOWN u72541247 [25/Mar/2016:15:29:25 -0400] "RETR 02.html" 226 10933
2601:c1:2:6f2:80be:1a73:a778:baed UNKNOWN u72541247 [25/Mar/2016:15:29:25 -0400] "EPSV" 229 -
2601:c1:2:6f2:80be:1a73:a778:baed UNKNOWN u72541247 [25/Mar/2016:15:29:25 -0400] "EPSV" 229 -
2601:c1:2:6f2:80be:1a73:a778:baed UNKNOWN u72541247 [25/Mar/2016:15:29:25 -0400] "RETR 12.html" 226 11629
2601:c1:2:6f2:80be:1a73:a778:baed UNKNOWN u72541247 [25/Mar/2016:15:29:25 -0400] "RETR 11.html" 226 11276
2601:c1:2:6f2:80be:1a73:a778:baed UNKNOWN u72541247 [25/Mar/2016:15:29:25 -0400] "EPSV" 229 -
2601:c1:2:6f2:80be:1a73:a778:baed UNKNOWN u72541247 [25/Mar/2016:15:29:25 -0400] "EPSV" 229 -
2601:c1:2:6f2:80be:1a73:a778:baed UNKNOWN u72541247 [25/Mar/2016:15:29:26 -0400] "RETR 10.html" 226 11619
2601:c1:2:6f2:80be:1a73:a778:baed UNKNOWN u72541247 [25/Mar/2016:15:29:26 -0400] "RETR 09.html" 226 11276
2601:c1:2:6f2:80be:1a73:a778:baed UNKNOWN u72541247 [25/Mar/2016:15:29:26 -0400] "EPSV" 229 -
2601:c1:2:6f2:80be:1a73:a778:baed UNKNOWN u72541247 [25/Mar/2016:15:29:26 -0400] "EPSV" 229 -
2601:c1:2:6f2:80be:1a73:a778:baed UNKNOWN u72541247 [25/Mar/2016:15:29:26 -0400] "RETR 07.html" 226 11619
2601:c1:2:6f2:80be:1a73:a778:baed UNKNOWN u72541247 [25/Mar/2016:15:29:26 -0400] "RETR 08.html" 226 11623
2601:c1:2:6f2:80be:1a73:a778:baed UNKNOWN u72541247 [25/Mar/2016:15:29:26 -0400] "EPSV" 229 -
2601:c1:2:6f2:80be:1a73:a778:baed UNKNOWN u72541247 [25/Mar/2016:15:29:26 -0400] "EPSV" 229 -
2601:c1:2:6f2:80be:1a73:a778:baed UNKNOWN u72541247 [25/Mar/2016:15:29:26 -0400] "RETR 06.html" 226 11280
2601:c1:2:6f2:80be:1a73:a778:baed UNKNOWN u72541247 [25/Mar/2016:15:29:26 -0400] "RETR 05.html" 226 11623
2601:c1:2:6f2:80be:1a73:a778:baed UNKNOWN u72541247 [25/Mar/2016:15:29:26 -0400] "EPSV" 229 -
2601:c1:2:6f2:80be:1a73:a778:baed UNKNOWN u72541247 [25/Mar/2016:15:29:26 -0400] "EPSV" 229 -
2601:c1:2:6f2:80be:1a73:a778:baed UNKNOWN u72541247 [25/Mar/2016:15:29:26 -0400] "RETR .md5sums" 550 -
2601:c1:2:6f2:80be:1a73:a778:baed UNKNOWN u72541247 [25/Mar/2016:15:29:26 -0400] "EPSV" 229 -
2601:c1:2:6f2:80be:1a73:a778:baed UNKNOWN u72541247 [25/Mar/2016:15:29:26 -0400] "RETR 04.html" 226 11280
2601:c1:2:6f2:80be:1a73:a778:baed UNKNOWN u72541247 [25/Mar/2016:15:29:27 -0400] "EPSV" 229 -
2601:c1:2:6f2:80be:1a73:a778:baed UNKNOWN u72541247 [25/Mar/2016:15:29:27 -0400] "RETR 03.html" 226 9218
2601:c1:2:6f2:80be:1a73:a778:baed UNKNOWN u72541247 [25/Mar/2016:15:29:27 -0400] "EPSV" 229 -
2601:c1:2:6f2:80be:1a73:a778:baed UNKNOWN u72541247 [25/Mar/2016:15:29:27 -0400] "RETR index.html" 226 7477
2601:c1:2:6f2:80be:1a73:a778:baed UNKNOWN u72541247 [25/Mar/2016:15:29:27 -0400] "CWD /logs" 250 -
2601:c1:2:6f2:80be:1a73:a778:baed UNKNOWN u72541247 [25/Mar/2016:15:29:27 -0400] "TYPE I" 200 -
2601:c1:2:6f2:80be:1a73:a778:baed UNKNOWN u72541247 [25/Mar/2016:15:29:27 -0400] "RETR .htaccess" 226 23
2601:c1:2:6f2:80be:1a73:a778:baed UNKNOWN u72541247 [25/Mar/2016:15:29:27 -0400] "EPSV" 229 -
2601:c1:2:6f2:80be:1a73:a778:baed UNKNOWN u72541247 [25/Mar/2016:15:29:27 -0400] "RETR access.log.current" 226 6165
